<?xml version="1.0" encoding="UTF-8"?>
<!-- Generated by org.testng.reporters.JUnitReportReporter -->
<testsuite hostname="DESKTOP-B1QP63V" failures="0" tests="3" name="iNautix_Technologies_pune.TestClass" time="64.717" errors="0" timestamp="2021-07-10T23:26:26 IST" skipped="0">
  <testcase classname="iNautix_Technologies_pune.TestClass" name="validateBankNifty" time="21.212"/>
  <system-out/>
  <testcase classname="iNautix_Technologies_pune.TestClass" name="validateSensex" time="18.689"/>
  <system-out/>
  <testcase classname="iNautix_Technologies_pune.TestClass" name="Search" time="24.816"/>
  <system-out/>
</testsuite> <!-- iNautix_Technologies_pune.TestClass -->
